2025-03-14T09:24:19.818+09:00  INFO 11936 --- [ch06] [Test worker] kr.co.ch06.dao.User1MapperTest           : Starting User1MapperTest using Java 17.0.12 with PID 11936 (started by lotte6 in C:\Users\lotte6\Desktop\lotte6\workspace\spring\ch06)
2025-03-14T09:24:19.826+09:00  INFO 11936 --- [ch06] [Test worker] kr.co.ch06.dao.User1MapperTest           : No active profile set, falling back to 1 default profile: "default"
2025-03-14T09:24:21.101+09:00  INFO 11936 --- [ch06] [Test worker] o.s.b.a.w.s.WelcomePageHandlerMapping    : Adding welcome page template: index
2025-03-14T09:24:21.433+09:00  INFO 11936 --- [ch06] [Test worker] kr.co.ch06.dao.User1MapperTest           : Started User1MapperTest in 1.928 seconds (process running for 3.11)
2025-03-14T09:24:22.267+09:00  INFO 11936 --- [ch06] [Test worker] com.zaxxer.hikari.HikariDataSource       : HikariPool-1 - Starting...
2025-03-14T09:24:22.611+09:00  INFO 11936 --- [ch06] [Test worker] com.zaxxer.hikari.pool.HikariPool        : HikariPool-1 - Added connection com.mysql.cj.jdbc.ConnectionImpl@78d61f17
2025-03-14T09:24:22.613+09:00  INFO 11936 --- [ch06] [Test worker] com.zaxxer.hikari.HikariDataSource       : HikariPool-1 - Start completed.
2025-03-14T09:24:22.694+09:00  INFO 11936 --- [ch06] [SpringApplicationShutdownHook] com.zaxxer.hikari.HikariDataSource       : HikariPool-1 - Shutdown initiated...
2025-03-14T09:24:22.699+09:00  INFO 11936 --- [ch06] [SpringApplicationShutdownHook] com.zaxxer.hikari.HikariDataSource       : HikariPool-1 - Shutdown completed.
2025-03-14T09:25:20.014+09:00  INFO 16004 --- [ch06] [Test worker] kr.co.ch06.dao.User1MapperTest           : Starting User1MapperTest using Java 17.0.12 with PID 16004 (started by lotte6 in C:\Users\lotte6\Desktop\lotte6\workspace\spring\ch06)
2025-03-14T09:25:20.018+09:00  INFO 16004 --- [ch06] [Test worker] kr.co.ch06.dao.User1MapperTest           : No active profile set, falling back to 1 default profile: "default"
2025-03-14T09:25:21.230+09:00  INFO 16004 --- [ch06] [Test worker] o.s.b.a.w.s.WelcomePageHandlerMapping    : Adding welcome page template: index
2025-03-14T09:25:21.578+09:00  INFO 16004 --- [ch06] [Test worker] kr.co.ch06.dao.User1MapperTest           : Started User1MapperTest in 1.883 seconds (process running for 2.969)
2025-03-14T09:25:22.347+09:00  INFO 16004 --- [ch06] [Test worker] com.zaxxer.hikari.HikariDataSource       : HikariPool-1 - Starting...
2025-03-14T09:25:22.669+09:00  INFO 16004 --- [ch06] [Test worker] com.zaxxer.hikari.pool.HikariPool        : HikariPool-1 - Added connection com.mysql.cj.jdbc.ConnectionImpl@74c04377
2025-03-14T09:25:22.671+09:00  INFO 16004 --- [ch06] [Test worker] com.zaxxer.hikari.HikariDataSource       : HikariPool-1 - Start completed.
2025-03-14T09:25:22.746+09:00  INFO 16004 --- [ch06] [SpringApplicationShutdownHook] com.zaxxer.hikari.HikariDataSource       : HikariPool-1 - Shutdown initiated...
2025-03-14T09:25:22.752+09:00  INFO 16004 --- [ch06] [SpringApplicationShutdownHook] com.zaxxer.hikari.HikariDataSource       : HikariPool-1 - Shutdown completed.
2025-03-14T09:26:25.590+09:00  INFO 960 --- [ch06] [Test worker] kr.co.ch06.dao.User1MapperTest           : Starting User1MapperTest using Java 17.0.12 with PID 960 (started by lotte6 in C:\Users\lotte6\Desktop\lotte6\workspace\spring\ch06)
2025-03-14T09:26:25.592+09:00  INFO 960 --- [ch06] [Test worker] kr.co.ch06.dao.User1MapperTest           : No active profile set, falling back to 1 default profile: "default"
2025-03-14T09:26:26.833+09:00  INFO 960 --- [ch06] [Test worker] o.s.b.a.w.s.WelcomePageHandlerMapping    : Adding welcome page template: index
2025-03-14T09:26:27.169+09:00  INFO 960 --- [ch06] [Test worker] kr.co.ch06.dao.User1MapperTest           : Started User1MapperTest in 1.896 seconds (process running for 3.045)
2025-03-14T09:26:27.975+09:00  INFO 960 --- [ch06] [Test worker] com.zaxxer.hikari.HikariDataSource       : HikariPool-1 - Starting...
2025-03-14T09:26:28.274+09:00  INFO 960 --- [ch06] [Test worker] com.zaxxer.hikari.pool.HikariPool        : HikariPool-1 - Added connection com.mysql.cj.jdbc.ConnectionImpl@74c04377
2025-03-14T09:26:28.276+09:00  INFO 960 --- [ch06] [Test worker] com.zaxxer.hikari.HikariDataSource       : HikariPool-1 - Start completed.
2025-03-14T09:26:28.359+09:00  INFO 960 --- [ch06] [SpringApplicationShutdownHook] com.zaxxer.hikari.HikariDataSource       : HikariPool-1 - Shutdown initiated...
2025-03-14T09:26:28.365+09:00  INFO 960 --- [ch06] [SpringApplicationShutdownHook] com.zaxxer.hikari.HikariDataSource       : HikariPool-1 - Shutdown completed.
2025-03-14T09:28:50.298+09:00  INFO 15192 --- [ch06] [Test worker] kr.co.ch06.dao.User1MapperTest           : Starting User1MapperTest using Java 17.0.12 with PID 15192 (started by lotte6 in C:\Users\lotte6\Desktop\lotte6\workspace\spring\ch06)
2025-03-14T09:28:50.299+09:00  INFO 15192 --- [ch06] [Test worker] kr.co.ch06.dao.User1MapperTest           : No active profile set, falling back to 1 default profile: "default"
2025-03-14T09:28:51.536+09:00  INFO 15192 --- [ch06] [Test worker] o.s.b.a.w.s.WelcomePageHandlerMapping    : Adding welcome page template: index
2025-03-14T09:28:51.875+09:00  INFO 15192 --- [ch06] [Test worker] kr.co.ch06.dao.User1MapperTest           : Started User1MapperTest in 1.88 seconds (process running for 3.029)
2025-03-14T09:28:52.669+09:00  INFO 15192 --- [ch06] [Test worker] com.zaxxer.hikari.HikariDataSource       : HikariPool-1 - Starting...
2025-03-14T09:28:53.011+09:00  INFO 15192 --- [ch06] [Test worker] com.zaxxer.hikari.pool.HikariPool        : HikariPool-1 - Added connection com.mysql.cj.jdbc.ConnectionImpl@47ffa248
2025-03-14T09:28:53.014+09:00  INFO 15192 --- [ch06] [Test worker] com.zaxxer.hikari.HikariDataSource       : HikariPool-1 - Start completed.
2025-03-14T09:28:53.098+09:00  INFO 15192 --- [ch06] [SpringApplicationShutdownHook] com.zaxxer.hikari.HikariDataSource       : HikariPool-1 - Shutdown initiated...
2025-03-14T09:28:53.102+09:00  INFO 15192 --- [ch06] [SpringApplicationShutdownHook] com.zaxxer.hikari.HikariDataSource       : HikariPool-1 - Shutdown completed.
2025-03-14T09:29:28.167+09:00  INFO 16576 --- [ch06] [Test worker] kr.co.ch06.dao.User1MapperTest           : Starting User1MapperTest using Java 17.0.12 with PID 16576 (started by lotte6 in C:\Users\lotte6\Desktop\lotte6\workspace\spring\ch06)
2025-03-14T09:29:28.169+09:00  INFO 16576 --- [ch06] [Test worker] kr.co.ch06.dao.User1MapperTest           : No active profile set, falling back to 1 default profile: "default"
2025-03-14T09:29:29.378+09:00  INFO 16576 --- [ch06] [Test worker] o.s.b.a.w.s.WelcomePageHandlerMapping    : Adding welcome page template: index
2025-03-14T09:29:29.721+09:00  INFO 16576 --- [ch06] [Test worker] kr.co.ch06.dao.User1MapperTest           : Started User1MapperTest in 1.862 seconds (process running for 2.95)
2025-03-14T09:29:30.532+09:00  INFO 16576 --- [ch06] [Test worker] com.zaxxer.hikari.HikariDataSource       : HikariPool-1 - Starting...
2025-03-14T09:29:30.820+09:00  INFO 16576 --- [ch06] [Test worker] com.zaxxer.hikari.pool.HikariPool        : HikariPool-1 - Added connection com.mysql.cj.jdbc.ConnectionImpl@eb695e8
2025-03-14T09:29:30.822+09:00  INFO 16576 --- [ch06] [Test worker] com.zaxxer.hikari.HikariDataSource       : HikariPool-1 - Start completed.
2025-03-14T09:29:30.904+09:00  INFO 16576 --- [ch06] [SpringApplicationShutdownHook] com.zaxxer.hikari.HikariDataSource       : HikariPool-1 - Shutdown initiated...
2025-03-14T09:29:30.909+09:00  INFO 16576 --- [ch06] [SpringApplicationShutdownHook] com.zaxxer.hikari.HikariDataSource       : HikariPool-1 - Shutdown completed.
2025-03-14T09:32:10.828+09:00  INFO 2888 --- [ch06] [Test worker] kr.co.ch06.dao.User1MapperTest           : Starting User1MapperTest using Java 17.0.12 with PID 2888 (started by lotte6 in C:\Users\lotte6\Desktop\lotte6\workspace\spring\ch06)
2025-03-14T09:32:10.830+09:00  INFO 2888 --- [ch06] [Test worker] kr.co.ch06.dao.User1MapperTest           : No active profile set, falling back to 1 default profile: "default"
2025-03-14T09:32:12.029+09:00  INFO 2888 --- [ch06] [Test worker] o.s.b.a.w.s.WelcomePageHandlerMapping    : Adding welcome page template: index
2025-03-14T09:32:12.371+09:00  INFO 2888 --- [ch06] [Test worker] kr.co.ch06.dao.User1MapperTest           : Started User1MapperTest in 1.84 seconds (process running for 2.974)
2025-03-14T09:32:13.186+09:00  INFO 2888 --- [ch06] [Test worker] com.zaxxer.hikari.HikariDataSource       : HikariPool-1 - Starting...
2025-03-14T09:32:13.478+09:00  INFO 2888 --- [ch06] [Test worker] com.zaxxer.hikari.pool.HikariPool        : HikariPool-1 - Added connection com.mysql.cj.jdbc.ConnectionImpl@1eda309d
2025-03-14T09:32:13.480+09:00  INFO 2888 --- [ch06] [Test worker] com.zaxxer.hikari.HikariDataSource       : HikariPool-1 - Start completed.
2025-03-14T09:32:13.561+09:00  INFO 2888 --- [ch06] [SpringApplicationShutdownHook] com.zaxxer.hikari.HikariDataSource       : HikariPool-1 - Shutdown initiated...
2025-03-14T09:32:13.565+09:00  INFO 2888 --- [ch06] [SpringApplicationShutdownHook] com.zaxxer.hikari.HikariDataSource       : HikariPool-1 - Shutdown completed.
2025-03-14T09:32:43.068+09:00  INFO 4004 --- [ch06] [Test worker] kr.co.ch06.dao.User1MapperTest           : Starting User1MapperTest using Java 17.0.12 with PID 4004 (started by lotte6 in C:\Users\lotte6\Desktop\lotte6\workspace\spring\ch06)
2025-03-14T09:32:43.070+09:00  INFO 4004 --- [ch06] [Test worker] kr.co.ch06.dao.User1MapperTest           : No active profile set, falling back to 1 default profile: "default"
2025-03-14T09:32:44.351+09:00  INFO 4004 --- [ch06] [Test worker] o.s.b.a.w.s.WelcomePageHandlerMapping    : Adding welcome page template: index
2025-03-14T09:32:44.722+09:00  INFO 4004 --- [ch06] [Test worker] kr.co.ch06.dao.User1MapperTest           : Started User1MapperTest in 1.975 seconds (process running for 3.124)
2025-03-14T09:32:45.516+09:00  INFO 4004 --- [ch06] [Test worker] com.zaxxer.hikari.HikariDataSource       : HikariPool-1 - Starting...
2025-03-14T09:32:45.836+09:00  INFO 4004 --- [ch06] [Test worker] com.zaxxer.hikari.pool.HikariPool        : HikariPool-1 - Added connection com.mysql.cj.jdbc.ConnectionImpl@eb695e8
2025-03-14T09:32:45.838+09:00  INFO 4004 --- [ch06] [Test worker] com.zaxxer.hikari.HikariDataSource       : HikariPool-1 - Start completed.
2025-03-14T09:32:45.922+09:00  INFO 4004 --- [ch06] [SpringApplicationShutdownHook] com.zaxxer.hikari.HikariDataSource       : HikariPool-1 - Shutdown initiated...
2025-03-14T09:32:45.927+09:00  INFO 4004 --- [ch06] [SpringApplicationShutdownHook] com.zaxxer.hikari.HikariDataSource       : HikariPool-1 - Shutdown completed.
2025-03-14T09:34:16.178+09:00  INFO 12168 --- [ch06] [Test worker] kr.co.ch06.dao.User1MapperTest           : Starting User1MapperTest using Java 17.0.12 with PID 12168 (started by lotte6 in C:\Users\lotte6\Desktop\lotte6\workspace\spring\ch06)
2025-03-14T09:34:16.179+09:00  INFO 12168 --- [ch06] [Test worker] kr.co.ch06.dao.User1MapperTest           : No active profile set, falling back to 1 default profile: "default"
2025-03-14T09:34:17.450+09:00  INFO 12168 --- [ch06] [Test worker] o.s.b.a.w.s.WelcomePageHandlerMapping    : Adding welcome page template: index
2025-03-14T09:34:17.795+09:00  INFO 12168 --- [ch06] [Test worker] kr.co.ch06.dao.User1MapperTest           : Started User1MapperTest in 1.937 seconds (process running for 3.099)
2025-03-14T09:34:18.588+09:00  INFO 12168 --- [ch06] [Test worker] com.zaxxer.hikari.HikariDataSource       : HikariPool-1 - Starting...
2025-03-14T09:34:18.891+09:00  INFO 12168 --- [ch06] [Test worker] com.zaxxer.hikari.pool.HikariPool        : HikariPool-1 - Added connection com.mysql.cj.jdbc.ConnectionImpl@74c04377
2025-03-14T09:34:18.893+09:00  INFO 12168 --- [ch06] [Test worker] com.zaxxer.hikari.HikariDataSource       : HikariPool-1 - Start completed.
2025-03-14T09:34:18.962+09:00  INFO 12168 --- [ch06] [SpringApplicationShutdownHook] com.zaxxer.hikari.HikariDataSource       : HikariPool-1 - Shutdown initiated...
2025-03-14T09:34:18.966+09:00  INFO 12168 --- [ch06] [SpringApplicationShutdownHook] com.zaxxer.hikari.HikariDataSource       : HikariPool-1 - Shutdown completed.
2025-03-14T09:34:38.071+09:00  INFO 8452 --- [ch06] [Test worker] kr.co.ch06.dao.User1MapperTest           : Starting User1MapperTest using Java 17.0.12 with PID 8452 (started by lotte6 in C:\Users\lotte6\Desktop\lotte6\workspace\spring\ch06)
2025-03-14T09:34:38.073+09:00  INFO 8452 --- [ch06] [Test worker] kr.co.ch06.dao.User1MapperTest           : No active profile set, falling back to 1 default profile: "default"
2025-03-14T09:34:39.277+09:00  INFO 8452 --- [ch06] [Test worker] o.s.b.a.w.s.WelcomePageHandlerMapping    : Adding welcome page template: index
2025-03-14T09:34:39.623+09:00  INFO 8452 --- [ch06] [Test worker] kr.co.ch06.dao.User1MapperTest           : Started User1MapperTest in 1.868 seconds (process running for 2.973)
2025-03-14T09:34:40.508+09:00  INFO 8452 --- [ch06] [Test worker] com.zaxxer.hikari.HikariDataSource       : HikariPool-1 - Starting...
2025-03-14T09:34:40.803+09:00  INFO 8452 --- [ch06] [Test worker] com.zaxxer.hikari.pool.HikariPool        : HikariPool-1 - Added connection com.mysql.cj.jdbc.ConnectionImpl@74c04377
2025-03-14T09:34:40.805+09:00  INFO 8452 --- [ch06] [Test worker] com.zaxxer.hikari.HikariDataSource       : HikariPool-1 - Start completed.
2025-03-14T09:34:40.882+09:00  INFO 8452 --- [ch06] [SpringApplicationShutdownHook] com.zaxxer.hikari.HikariDataSource       : HikariPool-1 - Shutdown initiated...
2025-03-14T09:34:40.885+09:00  INFO 8452 --- [ch06] [SpringApplicationShutdownHook] com.zaxxer.hikari.HikariDataSource       : HikariPool-1 - Shutdown completed.
2025-03-14T09:38:44.097+09:00  INFO 17280 --- [ch06] [Test worker] kr.co.ch06.dao.User1MapperTest           : Starting User1MapperTest using Java 17.0.12 with PID 17280 (started by lotte6 in C:\Users\lotte6\Desktop\lotte6\workspace\spring\ch06)
2025-03-14T09:38:44.099+09:00  INFO 17280 --- [ch06] [Test worker] kr.co.ch06.dao.User1MapperTest           : No active profile set, falling back to 1 default profile: "default"
2025-03-14T09:38:45.340+09:00  INFO 17280 --- [ch06] [Test worker] o.s.b.a.w.s.WelcomePageHandlerMapping    : Adding welcome page template: index
2025-03-14T09:38:45.684+09:00  INFO 17280 --- [ch06] [Test worker] kr.co.ch06.dao.User1MapperTest           : Started User1MapperTest in 1.898 seconds (process running for 3.062)
2025-03-14T09:38:46.498+09:00  INFO 17280 --- [ch06] [Test worker] com.zaxxer.hikari.HikariDataSource       : HikariPool-1 - Starting...
2025-03-14T09:38:46.791+09:00  INFO 17280 --- [ch06] [Test worker] com.zaxxer.hikari.pool.HikariPool        : HikariPool-1 - Added connection com.mysql.cj.jdbc.ConnectionImpl@45273d40
2025-03-14T09:38:46.793+09:00  INFO 17280 --- [ch06] [Test worker] com.zaxxer.hikari.HikariDataSource       : HikariPool-1 - Start completed.
2025-03-14T09:38:46.868+09:00  INFO 17280 --- [ch06] [SpringApplicationShutdownHook] com.zaxxer.hikari.HikariDataSource       : HikariPool-1 - Shutdown initiated...
2025-03-14T09:38:46.872+09:00  INFO 17280 --- [ch06] [SpringApplicationShutdownHook] com.zaxxer.hikari.HikariDataSource       : HikariPool-1 - Shutdown completed.
2025-03-14T09:40:16.625+09:00  INFO 6472 --- [ch06] [Test worker] kr.co.ch06.dao.User1MapperTest           : Starting User1MapperTest using Java 17.0.12 with PID 6472 (started by lotte6 in C:\Users\lotte6\Desktop\lotte6\workspace\spring\ch06)
2025-03-14T09:40:16.627+09:00  INFO 6472 --- [ch06] [Test worker] kr.co.ch06.dao.User1MapperTest           : No active profile set, falling back to 1 default profile: "default"
2025-03-14T09:40:17.862+09:00  INFO 6472 --- [ch06] [Test worker] o.s.b.a.w.s.WelcomePageHandlerMapping    : Adding welcome page template: index
2025-03-14T09:40:18.199+09:00  INFO 6472 --- [ch06] [Test worker] kr.co.ch06.dao.User1MapperTest           : Started User1MapperTest in 1.882 seconds (process running for 3.055)
2025-03-14T09:40:18.975+09:00  INFO 6472 --- [ch06] [Test worker] com.zaxxer.hikari.HikariDataSource       : HikariPool-1 - Starting...
2025-03-14T09:40:19.267+09:00  INFO 6472 --- [ch06] [Test worker] com.zaxxer.hikari.pool.HikariPool        : HikariPool-1 - Added connection com.mysql.cj.jdbc.ConnectionImpl@7eebb316
2025-03-14T09:40:19.269+09:00  INFO 6472 --- [ch06] [Test worker] com.zaxxer.hikari.HikariDataSource       : HikariPool-1 - Start completed.
2025-03-14T09:40:19.336+09:00  INFO 6472 --- [ch06] [SpringApplicationShutdownHook] com.zaxxer.hikari.HikariDataSource       : HikariPool-1 - Shutdown initiated...
2025-03-14T09:40:19.339+09:00  INFO 6472 --- [ch06] [SpringApplicationShutdownHook] com.zaxxer.hikari.HikariDataSource       : HikariPool-1 - Shutdown completed.
2025-03-14T09:45:29.251+09:00  INFO 7148 --- [ch06] [Test worker] kr.co.ch06.dao.User1MapperTest           : Starting User1MapperTest using Java 17.0.12 with PID 7148 (started by lotte6 in C:\Users\lotte6\Desktop\lotte6\workspace\spring\ch06)
2025-03-14T09:45:29.253+09:00  INFO 7148 --- [ch06] [Test worker] kr.co.ch06.dao.User1MapperTest           : No active profile set, falling back to 1 default profile: "default"
2025-03-14T09:45:30.518+09:00  INFO 7148 --- [ch06] [Test worker] o.s.b.a.w.s.WelcomePageHandlerMapping    : Adding welcome page template: index
2025-03-14T09:45:30.892+09:00  INFO 7148 --- [ch06] [Test worker] kr.co.ch06.dao.User1MapperTest           : Started User1MapperTest in 1.952 seconds (process running for 3.098)
2025-03-14T09:45:31.696+09:00  INFO 7148 --- [ch06] [Test worker] com.zaxxer.hikari.HikariDataSource       : HikariPool-1 - Starting...
2025-03-14T09:45:31.998+09:00  INFO 7148 --- [ch06] [Test worker] com.zaxxer.hikari.pool.HikariPool        : HikariPool-1 - Added connection com.mysql.cj.jdbc.ConnectionImpl@10fc1a22
2025-03-14T09:45:32.000+09:00  INFO 7148 --- [ch06] [Test worker] com.zaxxer.hikari.HikariDataSource       : HikariPool-1 - Start completed.
2025-03-14T09:45:32.120+09:00  INFO 7148 --- [ch06] [SpringApplicationShutdownHook] com.zaxxer.hikari.HikariDataSource       : HikariPool-1 - Shutdown initiated...
2025-03-14T09:45:32.175+09:00  INFO 7148 --- [ch06] [SpringApplicationShutdownHook] com.zaxxer.hikari.HikariDataSource       : HikariPool-1 - Shutdown completed.
2025-03-14T09:46:44.204+09:00  INFO 904 --- [ch06] [Test worker] kr.co.ch06.dao.User1MapperTest           : Starting User1MapperTest using Java 17.0.12 with PID 904 (started by lotte6 in C:\Users\lotte6\Desktop\lotte6\workspace\spring\ch06)
2025-03-14T09:46:44.205+09:00  INFO 904 --- [ch06] [Test worker] kr.co.ch06.dao.User1MapperTest           : No active profile set, falling back to 1 default profile: "default"
2025-03-14T09:46:45.458+09:00  INFO 904 --- [ch06] [Test worker] o.s.b.a.w.s.WelcomePageHandlerMapping    : Adding welcome page template: index
2025-03-14T09:46:45.816+09:00  INFO 904 --- [ch06] [Test worker] kr.co.ch06.dao.User1MapperTest           : Started User1MapperTest in 1.929 seconds (process running for 3.086)
2025-03-14T09:46:46.633+09:00  INFO 904 --- [ch06] [Test worker] com.zaxxer.hikari.HikariDataSource       : HikariPool-1 - Starting...
2025-03-14T09:46:46.920+09:00  INFO 904 --- [ch06] [Test worker] com.zaxxer.hikari.pool.HikariPool        : HikariPool-1 - Added connection com.mysql.cj.jdbc.ConnectionImpl@7eebb316
2025-03-14T09:46:46.922+09:00  INFO 904 --- [ch06] [Test worker] com.zaxxer.hikari.HikariDataSource       : HikariPool-1 - Start completed.
2025-03-14T09:46:47.052+09:00  INFO 904 --- [ch06] [SpringApplicationShutdownHook] com.zaxxer.hikari.HikariDataSource       : HikariPool-1 - Shutdown initiated...
2025-03-14T09:46:47.090+09:00  INFO 904 --- [ch06] [SpringApplicationShutdownHook] com.zaxxer.hikari.HikariDataSource       : HikariPool-1 - Shutdown completed.
2025-03-14T09:48:14.525+09:00  INFO 16876 --- [ch06] [Test worker] kr.co.ch06.dao.User1MapperTest           : Starting User1MapperTest using Java 17.0.12 with PID 16876 (started by lotte6 in C:\Users\lotte6\Desktop\lotte6\workspace\spring\ch06)
2025-03-14T09:48:14.527+09:00  INFO 16876 --- [ch06] [Test worker] kr.co.ch06.dao.User1MapperTest           : No active profile set, falling back to 1 default profile: "default"
2025-03-14T09:48:15.723+09:00  INFO 16876 --- [ch06] [Test worker] o.s.b.a.w.s.WelcomePageHandlerMapping    : Adding welcome page template: index
2025-03-14T09:48:16.071+09:00  INFO 16876 --- [ch06] [Test worker] kr.co.ch06.dao.User1MapperTest           : Started User1MapperTest in 1.879 seconds (process running for 2.958)
2025-03-14T09:48:16.843+09:00  INFO 16876 --- [ch06] [Test worker] com.zaxxer.hikari.HikariDataSource       : HikariPool-1 - Starting...
2025-03-14T09:48:17.126+09:00  INFO 16876 --- [ch06] [Test worker] com.zaxxer.hikari.pool.HikariPool        : HikariPool-1 - Added connection com.mysql.cj.jdbc.ConnectionImpl@47ffa248
2025-03-14T09:48:17.130+09:00  INFO 16876 --- [ch06] [Test worker] com.zaxxer.hikari.HikariDataSource       : HikariPool-1 - Start completed.
2025-03-14T09:48:17.258+09:00  INFO 16876 --- [ch06] [SpringApplicationShutdownHook] com.zaxxer.hikari.HikariDataSource       : HikariPool-1 - Shutdown initiated...
2025-03-14T09:48:17.307+09:00  INFO 16876 --- [ch06] [SpringApplicationShutdownHook] com.zaxxer.hikari.HikariDataSource       : HikariPool-1 - Shutdown completed.
2025-03-14T09:49:12.645+09:00  INFO 16136 --- [ch06] [Test worker] kr.co.ch06.dao.User1MapperTest           : Starting User1MapperTest using Java 17.0.12 with PID 16136 (started by lotte6 in C:\Users\lotte6\Desktop\lotte6\workspace\spring\ch06)
2025-03-14T09:49:12.646+09:00  INFO 16136 --- [ch06] [Test worker] kr.co.ch06.dao.User1MapperTest           : No active profile set, falling back to 1 default profile: "default"
2025-03-14T09:49:13.879+09:00  INFO 16136 --- [ch06] [Test worker] o.s.b.a.w.s.WelcomePageHandlerMapping    : Adding welcome page template: index
2025-03-14T09:49:14.210+09:00  INFO 16136 --- [ch06] [Test worker] kr.co.ch06.dao.User1MapperTest           : Started User1MapperTest in 1.874 seconds (process running for 3.055)
2025-03-14T09:49:14.991+09:00  INFO 16136 --- [ch06] [Test worker] com.zaxxer.hikari.HikariDataSource       : HikariPool-1 - Starting...
2025-03-14T09:49:15.285+09:00  INFO 16136 --- [ch06] [Test worker] com.zaxxer.hikari.pool.HikariPool        : HikariPool-1 - Added connection com.mysql.cj.jdbc.ConnectionImpl@eb695e8
2025-03-14T09:49:15.287+09:00  INFO 16136 --- [ch06] [Test worker] com.zaxxer.hikari.HikariDataSource       : HikariPool-1 - Start completed.
2025-03-14T09:49:15.402+09:00  INFO 16136 --- [ch06] [SpringApplicationShutdownHook] com.zaxxer.hikari.HikariDataSource       : HikariPool-1 - Shutdown initiated...
2025-03-14T09:49:15.455+09:00  INFO 16136 --- [ch06] [SpringApplicationShutdownHook] com.zaxxer.hikari.HikariDataSource       : HikariPool-1 - Shutdown completed.
2025-03-14T09:49:28.344+09:00  INFO 13824 --- [ch06] [Test worker] kr.co.ch06.dao.User1MapperTest           : Starting User1MapperTest using Java 17.0.12 with PID 13824 (started by lotte6 in C:\Users\lotte6\Desktop\lotte6\workspace\spring\ch06)
2025-03-14T09:49:28.345+09:00  INFO 13824 --- [ch06] [Test worker] kr.co.ch06.dao.User1MapperTest           : No active profile set, falling back to 1 default profile: "default"
2025-03-14T09:49:29.668+09:00  INFO 13824 --- [ch06] [Test worker] o.s.b.a.w.s.WelcomePageHandlerMapping    : Adding welcome page template: index
2025-03-14T09:49:30.009+09:00  INFO 13824 --- [ch06] [Test worker] kr.co.ch06.dao.User1MapperTest           : Started User1MapperTest in 1.985 seconds (process running for 3.156)
2025-03-14T09:49:30.793+09:00  INFO 13824 --- [ch06] [Test worker] com.zaxxer.hikari.HikariDataSource       : HikariPool-1 - Starting...
2025-03-14T09:49:31.125+09:00  INFO 13824 --- [ch06] [Test worker] com.zaxxer.hikari.pool.HikariPool        : HikariPool-1 - Added connection com.mysql.cj.jdbc.ConnectionImpl@37753b69
2025-03-14T09:49:31.128+09:00  INFO 13824 --- [ch06] [Test worker] com.zaxxer.hikari.HikariDataSource       : HikariPool-1 - Start completed.
2025-03-14T09:49:31.208+09:00  INFO 13824 --- [ch06] [SpringApplicationShutdownHook] com.zaxxer.hikari.HikariDataSource       : HikariPool-1 - Shutdown initiated...
2025-03-14T09:49:31.211+09:00  INFO 13824 --- [ch06] [SpringApplicationShutdownHook] com.zaxxer.hikari.HikariDataSource       : HikariPool-1 - Shutdown completed.
2025-03-14T09:49:38.425+09:00  INFO 4948 --- [ch06] [Test worker] kr.co.ch06.dao.User1MapperTest           : Starting User1MapperTest using Java 17.0.12 with PID 4948 (started by lotte6 in C:\Users\lotte6\Desktop\lotte6\workspace\spring\ch06)
2025-03-14T09:49:38.426+09:00  INFO 4948 --- [ch06] [Test worker] kr.co.ch06.dao.User1MapperTest           : No active profile set, falling back to 1 default profile: "default"
2025-03-14T09:49:39.641+09:00  INFO 4948 --- [ch06] [Test worker] o.s.b.a.w.s.WelcomePageHandlerMapping    : Adding welcome page template: index
2025-03-14T09:49:39.978+09:00  INFO 4948 --- [ch06] [Test worker] kr.co.ch06.dao.User1MapperTest           : Started User1MapperTest in 1.882 seconds (process running for 3.015)
2025-03-14T09:49:40.742+09:00  INFO 4948 --- [ch06] [Test worker] com.zaxxer.hikari.HikariDataSource       : HikariPool-1 - Starting...
2025-03-14T09:49:41.080+09:00  INFO 4948 --- [ch06] [Test worker] com.zaxxer.hikari.pool.HikariPool        : HikariPool-1 - Added connection com.mysql.cj.jdbc.ConnectionImpl@18ac25e6
2025-03-14T09:49:41.083+09:00  INFO 4948 --- [ch06] [Test worker] com.zaxxer.hikari.HikariDataSource       : HikariPool-1 - Start completed.
2025-03-14T09:49:41.206+09:00  INFO 4948 --- [ch06] [SpringApplicationShutdownHook] com.zaxxer.hikari.HikariDataSource       : HikariPool-1 - Shutdown initiated...
2025-03-14T09:49:41.258+09:00  INFO 4948 --- [ch06] [SpringApplicationShutdownHook] com.zaxxer.hikari.HikariDataSource       : HikariPool-1 - Shutdown completed.
2025-03-14T10:02:42.380+09:00  INFO 16440 --- [ch06] [Test worker] kr.co.ch06.dao.User1MapperTest           : Starting User1MapperTest using Java 17.0.12 with PID 16440 (started by lotte6 in C:\Users\lotte6\Desktop\lotte6\workspace\spring\ch06)
2025-03-14T10:02:42.382+09:00  INFO 16440 --- [ch06] [Test worker] kr.co.ch06.dao.User1MapperTest           : No active profile set, falling back to 1 default profile: "default"
2025-03-14T10:02:43.664+09:00  INFO 16440 --- [ch06] [Test worker] o.s.b.a.w.s.WelcomePageHandlerMapping    : Adding welcome page template: index
2025-03-14T10:02:44.027+09:00  INFO 16440 --- [ch06] [Test worker] kr.co.ch06.dao.User1MapperTest           : Started User1MapperTest in 1.961 seconds (process running for 3.176)
2025-03-14T10:02:44.873+09:00  INFO 16440 --- [ch06] [Test worker] com.zaxxer.hikari.HikariDataSource       : HikariPool-1 - Starting...
2025-03-14T10:02:45.208+09:00  INFO 16440 --- [ch06] [Test worker] com.zaxxer.hikari.pool.HikariPool        : HikariPool-1 - Added connection com.mysql.cj.jdbc.ConnectionImpl@57ed02e6
2025-03-14T10:02:45.210+09:00  INFO 16440 --- [ch06] [Test worker] com.zaxxer.hikari.HikariDataSource       : HikariPool-1 - Start completed.
2025-03-14T10:02:45.358+09:00  INFO 16440 --- [ch06] [SpringApplicationShutdownHook] com.zaxxer.hikari.HikariDataSource       : HikariPool-1 - Shutdown initiated...
2025-03-14T10:02:45.385+09:00  INFO 16440 --- [ch06] [SpringApplicationShutdownHook] com.zaxxer.hikari.HikariDataSource       : HikariPool-1 - Shutdown completed.
2025-03-14T10:02:54.949+09:00  INFO 6072 --- [ch06] [Test worker] kr.co.ch06.dao.User1MapperTest           : Starting User1MapperTest using Java 17.0.12 with PID 6072 (started by lotte6 in C:\Users\lotte6\Desktop\lotte6\workspace\spring\ch06)
2025-03-14T10:02:54.952+09:00  INFO 6072 --- [ch06] [Test worker] kr.co.ch06.dao.User1MapperTest           : No active profile set, falling back to 1 default profile: "default"
2025-03-14T10:02:56.180+09:00  INFO 6072 --- [ch06] [Test worker] o.s.b.a.w.s.WelcomePageHandlerMapping    : Adding welcome page template: index
2025-03-14T10:02:56.529+09:00  INFO 6072 --- [ch06] [Test worker] kr.co.ch06.dao.User1MapperTest           : Started User1MapperTest in 1.91 seconds (process running for 3.045)
2025-03-14T10:02:57.349+09:00  INFO 6072 --- [ch06] [Test worker] com.zaxxer.hikari.HikariDataSource       : HikariPool-1 - Starting...
2025-03-14T10:02:57.701+09:00  INFO 6072 --- [ch06] [Test worker] com.zaxxer.hikari.pool.HikariPool        : HikariPool-1 - Added connection com.mysql.cj.jdbc.ConnectionImpl@57ed02e6
2025-03-14T10:02:57.703+09:00  INFO 6072 --- [ch06] [Test worker] com.zaxxer.hikari.HikariDataSource       : HikariPool-1 - Start completed.
2025-03-14T10:02:57.846+09:00  INFO 6072 --- [ch06] [SpringApplicationShutdownHook] com.zaxxer.hikari.HikariDataSource       : HikariPool-1 - Shutdown initiated...
2025-03-14T10:02:57.873+09:00  INFO 6072 --- [ch06] [SpringApplicationShutdownHook] com.zaxxer.hikari.HikariDataSource       : HikariPool-1 - Shutdown completed.
2025-03-14T10:03:14.811+09:00  INFO 16968 --- [ch06] [Test worker] kr.co.ch06.dao.User1MapperTest           : Starting User1MapperTest using Java 17.0.12 with PID 16968 (started by lotte6 in C:\Users\lotte6\Desktop\lotte6\workspace\spring\ch06)
2025-03-14T10:03:14.812+09:00  INFO 16968 --- [ch06] [Test worker] kr.co.ch06.dao.User1MapperTest           : No active profile set, falling back to 1 default profile: "default"
2025-03-14T10:03:16.043+09:00  INFO 16968 --- [ch06] [Test worker] o.s.b.a.w.s.WelcomePageHandlerMapping    : Adding welcome page template: index
2025-03-14T10:03:16.384+09:00  INFO 16968 --- [ch06] [Test worker] kr.co.ch06.dao.User1MapperTest           : Started User1MapperTest in 1.897 seconds (process running for 3.017)
2025-03-14T10:03:17.167+09:00  INFO 16968 --- [ch06] [Test worker] com.zaxxer.hikari.HikariDataSource       : HikariPool-1 - Starting...
2025-03-14T10:03:17.469+09:00  INFO 16968 --- [ch06] [Test worker] com.zaxxer.hikari.pool.HikariPool        : HikariPool-1 - Added connection com.mysql.cj.jdbc.ConnectionImpl@57ed02e6
2025-03-14T10:03:17.472+09:00  INFO 16968 --- [ch06] [Test worker] com.zaxxer.hikari.HikariDataSource       : HikariPool-1 - Start completed.
2025-03-14T10:03:17.592+09:00  INFO 16968 --- [ch06] [SpringApplicationShutdownHook] com.zaxxer.hikari.HikariDataSource       : HikariPool-1 - Shutdown initiated...
2025-03-14T10:03:17.643+09:00  INFO 16968 --- [ch06] [SpringApplicationShutdownHook] com.zaxxer.hikari.HikariDataSource       : HikariPool-1 - Shutdown completed.
2025-03-14T10:05:01.416+09:00  INFO 16120 --- [ch06] [Test worker] kr.co.ch06.dao.User1MapperTest           : Starting User1MapperTest using Java 17.0.12 with PID 16120 (started by lotte6 in C:\Users\lotte6\Desktop\lotte6\workspace\spring\ch06)
2025-03-14T10:05:01.418+09:00  INFO 16120 --- [ch06] [Test worker] kr.co.ch06.dao.User1MapperTest           : No active profile set, falling back to 1 default profile: "default"
2025-03-14T10:05:02.654+09:00  INFO 16120 --- [ch06] [Test worker] o.s.b.a.w.s.WelcomePageHandlerMapping    : Adding welcome page template: index
2025-03-14T10:05:03.010+09:00  INFO 16120 --- [ch06] [Test worker] kr.co.ch06.dao.User1MapperTest           : Started User1MapperTest in 1.926 seconds (process running for 3.074)
2025-03-14T10:05:03.765+09:00  INFO 16120 --- [ch06] [Test worker] com.zaxxer.hikari.HikariDataSource       : HikariPool-1 - Starting...
2025-03-14T10:05:04.061+09:00  INFO 16120 --- [ch06] [Test worker] com.zaxxer.hikari.pool.HikariPool        : HikariPool-1 - Added connection com.mysql.cj.jdbc.ConnectionImpl@60861e5d
2025-03-14T10:05:04.064+09:00  INFO 16120 --- [ch06] [Test worker] com.zaxxer.hikari.HikariDataSource       : HikariPool-1 - Start completed.
2025-03-14T10:05:04.183+09:00  INFO 16120 --- [ch06] [SpringApplicationShutdownHook] com.zaxxer.hikari.HikariDataSource       : HikariPool-1 - Shutdown initiated...
2025-03-14T10:05:04.229+09:00  INFO 16120 --- [ch06] [SpringApplicationShutdownHook] com.zaxxer.hikari.HikariDataSource       : HikariPool-1 - Shutdown completed.
2025-03-14T10:16:34.327+09:00  INFO 12420 --- [ch06] [Test worker] kr.co.ch06.service.User1ServiceTest      : Starting User1ServiceTest using Java 17.0.12 with PID 12420 (started by lotte6 in C:\Users\lotte6\Desktop\lotte6\workspace\spring\ch06)
2025-03-14T10:16:34.330+09:00  INFO 12420 --- [ch06] [Test worker] kr.co.ch06.service.User1ServiceTest      : No active profile set, falling back to 1 default profile: "default"
2025-03-14T10:16:35.625+09:00  INFO 12420 --- [ch06] [Test worker] o.s.b.a.w.s.WelcomePageHandlerMapping    : Adding welcome page template: index
2025-03-14T10:16:35.981+09:00  INFO 12420 --- [ch06] [Test worker] kr.co.ch06.service.User1ServiceTest      : Started User1ServiceTest in 1.978 seconds (process running for 3.178)
2025-03-14T10:16:36.786+09:00  INFO 12420 --- [ch06] [Test worker] com.zaxxer.hikari.HikariDataSource       : HikariPool-1 - Starting...
2025-03-14T10:16:37.130+09:00  INFO 12420 --- [ch06] [Test worker] com.zaxxer.hikari.pool.HikariPool        : HikariPool-1 - Added connection com.mysql.cj.jdbc.ConnectionImpl@1d008e61
2025-03-14T10:16:37.133+09:00  INFO 12420 --- [ch06] [Test worker] com.zaxxer.hikari.HikariDataSource       : HikariPool-1 - Start completed.
2025-03-14T10:16:37.218+09:00  INFO 12420 --- [ch06] [SpringApplicationShutdownHook] com.zaxxer.hikari.HikariDataSource       : HikariPool-1 - Shutdown initiated...
2025-03-14T10:16:37.222+09:00  INFO 12420 --- [ch06] [SpringApplicationShutdownHook] com.zaxxer.hikari.HikariDataSource       : HikariPool-1 - Shutdown completed.
2025-03-14T10:21:53.089+09:00  INFO 15484 --- [ch06] [Test worker] k.co.ch06.controller.Sub1ControllerTest  : Starting Sub1ControllerTest using Java 17.0.12 with PID 15484 (started by lotte6 in C:\Users\lotte6\Desktop\lotte6\workspace\spring\ch06)
2025-03-14T10:21:53.090+09:00  INFO 15484 --- [ch06] [Test worker] k.co.ch06.controller.Sub1ControllerTest  : No active profile set, falling back to 1 default profile: "default"
2025-03-14T10:21:54.316+09:00  INFO 15484 --- [ch06] [Test worker] o.s.b.a.w.s.WelcomePageHandlerMapping    : Adding welcome page template: index
2025-03-14T10:21:54.661+09:00  INFO 15484 --- [ch06] [Test worker] o.s.b.t.m.w.SpringBootMockServletContext : Initializing Spring TestDispatcherServlet ''
2025-03-14T10:21:54.661+09:00  INFO 15484 --- [ch06] [Test worker] o.s.t.web.servlet.TestDispatcherServlet  : Initializing Servlet ''
2025-03-14T10:21:54.663+09:00  INFO 15484 --- [ch06] [Test worker] o.s.t.web.servlet.TestDispatcherServlet  : Completed initialization in 2 ms
2025-03-14T10:21:54.697+09:00  INFO 15484 --- [ch06] [Test worker] k.co.ch06.controller.Sub1ControllerTest  : Started Sub1ControllerTest in 1.945 seconds (process running for 3.146)
2025-03-14T10:30:44.775+09:00  INFO 16416 --- [ch06] [Test worker] k.co.ch06.controller.Sub1ControllerTest  : Starting Sub1ControllerTest using Java 17.0.12 with PID 16416 (started by lotte6 in C:\Users\lotte6\Desktop\lotte6\workspace\spring\ch06)
2025-03-14T10:30:44.778+09:00  INFO 16416 --- [ch06] [Test worker] k.co.ch06.controller.Sub1ControllerTest  : No active profile set, falling back to 1 default profile: "default"
2025-03-14T10:30:46.018+09:00  INFO 16416 --- [ch06] [Test worker] o.s.b.a.w.s.WelcomePageHandlerMapping    : Adding welcome page template: index
2025-03-14T10:30:46.371+09:00  INFO 16416 --- [ch06] [Test worker] o.s.b.t.m.w.SpringBootMockServletContext : Initializing Spring TestDispatcherServlet ''
2025-03-14T10:30:46.372+09:00  INFO 16416 --- [ch06] [Test worker] o.s.t.web.servlet.TestDispatcherServlet  : Initializing Servlet ''
2025-03-14T10:30:46.374+09:00  INFO 16416 --- [ch06] [Test worker] o.s.t.web.servlet.TestDispatcherServlet  : Completed initialization in 1 ms
2025-03-14T10:30:46.414+09:00  INFO 16416 --- [ch06] [Test worker] k.co.ch06.controller.Sub1ControllerTest  : Started Sub1ControllerTest in 1.989 seconds (process running for 3.158)
2025-03-14T10:34:29.321+09:00  INFO 7936 --- [ch06] [Test worker] k.co.ch06.controller.Sub1ControllerTest  : Starting Sub1ControllerTest using Java 17.0.12 with PID 7936 (started by lotte6 in C:\Users\lotte6\Desktop\lotte6\workspace\spring\ch06)
2025-03-14T10:34:29.323+09:00  INFO 7936 --- [ch06] [Test worker] k.co.ch06.controller.Sub1ControllerTest  : No active profile set, falling back to 1 default profile: "default"
2025-03-14T10:34:30.553+09:00  INFO 7936 --- [ch06] [Test worker] o.s.b.a.w.s.WelcomePageHandlerMapping    : Adding welcome page template: index
2025-03-14T10:34:30.888+09:00  INFO 7936 --- [ch06] [Test worker] o.s.b.t.m.w.SpringBootMockServletContext : Initializing Spring TestDispatcherServlet ''
2025-03-14T10:34:30.888+09:00  INFO 7936 --- [ch06] [Test worker] o.s.t.web.servlet.TestDispatcherServlet  : Initializing Servlet ''
2025-03-14T10:34:30.889+09:00  INFO 7936 --- [ch06] [Test worker] o.s.t.web.servlet.TestDispatcherServlet  : Completed initialization in 1 ms
2025-03-14T10:34:30.924+09:00  INFO 7936 --- [ch06] [Test worker] k.co.ch06.controller.Sub1ControllerTest  : Started Sub1ControllerTest in 1.92 seconds (process running for 3.079)
2025-03-14T10:39:22.146+09:00  INFO 2252 --- [ch06] [Test worker] k.co.ch06.controller.Sub1ControllerTest  : Starting Sub1ControllerTest using Java 17.0.12 with PID 2252 (started by lotte6 in C:\Users\lotte6\Desktop\lotte6\workspace\spring\ch06)
2025-03-14T10:39:22.147+09:00  INFO 2252 --- [ch06] [Test worker] k.co.ch06.controller.Sub1ControllerTest  : No active profile set, falling back to 1 default profile: "default"
2025-03-14T10:39:23.390+09:00  INFO 2252 --- [ch06] [Test worker] o.s.b.a.w.s.WelcomePageHandlerMapping    : Adding welcome page template: index
2025-03-14T10:39:23.736+09:00  INFO 2252 --- [ch06] [Test worker] o.s.b.t.m.w.SpringBootMockServletContext : Initializing Spring TestDispatcherServlet ''
2025-03-14T10:39:23.737+09:00  INFO 2252 --- [ch06] [Test worker] o.s.t.web.servlet.TestDispatcherServlet  : Initializing Servlet ''
2025-03-14T10:39:23.738+09:00  INFO 2252 --- [ch06] [Test worker] o.s.t.web.servlet.TestDispatcherServlet  : Completed initialization in 1 ms
2025-03-14T10:39:23.770+09:00  INFO 2252 --- [ch06] [Test worker] k.co.ch06.controller.Sub1ControllerTest  : Started Sub1ControllerTest in 1.982 seconds (process running for 3.122)
2025-03-14T10:39:46.709+09:00  INFO 11844 --- [ch06] [Test worker] k.co.ch06.controller.Sub1ControllerTest  : Starting Sub1ControllerTest using Java 17.0.12 with PID 11844 (started by lotte6 in C:\Users\lotte6\Desktop\lotte6\workspace\spring\ch06)
2025-03-14T10:39:46.711+09:00  INFO 11844 --- [ch06] [Test worker] k.co.ch06.controller.Sub1ControllerTest  : No active profile set, falling back to 1 default profile: "default"
2025-03-14T10:39:47.967+09:00  INFO 11844 --- [ch06] [Test worker] o.s.b.a.w.s.WelcomePageHandlerMapping    : Adding welcome page template: index
2025-03-14T10:39:48.305+09:00  INFO 11844 --- [ch06] [Test worker] o.s.b.t.m.w.SpringBootMockServletContext : Initializing Spring TestDispatcherServlet ''
2025-03-14T10:39:48.306+09:00  INFO 11844 --- [ch06] [Test worker] o.s.t.web.servlet.TestDispatcherServlet  : Initializing Servlet ''
2025-03-14T10:39:48.307+09:00  INFO 11844 --- [ch06] [Test worker] o.s.t.web.servlet.TestDispatcherServlet  : Completed initialization in 1 ms
2025-03-14T10:39:48.340+09:00  INFO 11844 --- [ch06] [Test worker] k.co.ch06.controller.Sub1ControllerTest  : Started Sub1ControllerTest in 1.964 seconds (process running for 3.133)
2025-03-14T10:40:54.624+09:00  INFO 9900 --- [ch06] [Test worker] k.co.ch06.controller.Sub1ControllerTest  : Starting Sub1ControllerTest using Java 17.0.12 with PID 9900 (started by lotte6 in C:\Users\lotte6\Desktop\lotte6\workspace\spring\ch06)
2025-03-14T10:40:54.626+09:00  INFO 9900 --- [ch06] [Test worker] k.co.ch06.controller.Sub1ControllerTest  : No active profile set, falling back to 1 default profile: "default"
2025-03-14T10:40:55.828+09:00  INFO 9900 --- [ch06] [Test worker] o.s.b.a.w.s.WelcomePageHandlerMapping    : Adding welcome page template: index
2025-03-14T10:40:56.153+09:00  INFO 9900 --- [ch06] [Test worker] o.s.b.t.m.w.SpringBootMockServletContext : Initializing Spring TestDispatcherServlet ''
2025-03-14T10:40:56.153+09:00  INFO 9900 --- [ch06] [Test worker] o.s.t.web.servlet.TestDispatcherServlet  : Initializing Servlet ''
2025-03-14T10:40:56.155+09:00  INFO 9900 --- [ch06] [Test worker] o.s.t.web.servlet.TestDispatcherServlet  : Completed initialization in 2 ms
2025-03-14T10:40:56.190+09:00  INFO 9900 --- [ch06] [Test worker] k.co.ch06.controller.Sub1ControllerTest  : Started Sub1ControllerTest in 1.901 seconds (process running for 3.054)
2025-03-14T10:40:57.004+09:00  WARN 9900 --- [ch06] [Test worker] .w.s.m.s.DefaultHandlerExceptionResolver : Resolved [org.springframework.web.HttpRequestMethodNotSupportedException: Request method 'POST' is not supported]
2025-03-14T10:41:06.351+09:00  INFO 12916 --- [ch06] [Test worker] k.co.ch06.controller.Sub1ControllerTest  : Starting Sub1ControllerTest using Java 17.0.12 with PID 12916 (started by lotte6 in C:\Users\lotte6\Desktop\lotte6\workspace\spring\ch06)
2025-03-14T10:41:06.353+09:00  INFO 12916 --- [ch06] [Test worker] k.co.ch06.controller.Sub1ControllerTest  : No active profile set, falling back to 1 default profile: "default"
2025-03-14T10:41:07.578+09:00  INFO 12916 --- [ch06] [Test worker] o.s.b.a.w.s.WelcomePageHandlerMapping    : Adding welcome page template: index
2025-03-14T10:41:07.909+09:00  INFO 12916 --- [ch06] [Test worker] o.s.b.t.m.w.SpringBootMockServletContext : Initializing Spring TestDispatcherServlet ''
2025-03-14T10:41:07.909+09:00  INFO 12916 --- [ch06] [Test worker] o.s.t.web.servlet.TestDispatcherServlet  : Initializing Servlet ''
2025-03-14T10:41:07.910+09:00  INFO 12916 --- [ch06] [Test worker] o.s.t.web.servlet.TestDispatcherServlet  : Completed initialization in 1 ms
2025-03-14T10:41:07.946+09:00  INFO 12916 --- [ch06] [Test worker] k.co.ch06.controller.Sub1ControllerTest  : Started Sub1ControllerTest in 1.943 seconds (process running for 3.102)
2025-03-14T10:43:13.688+09:00  INFO 2372 --- [ch06] [Test worker] k.co.ch06.controller.Sub1ControllerTest  : Starting Sub1ControllerTest using Java 17.0.12 with PID 2372 (started by lotte6 in C:\Users\lotte6\Desktop\lotte6\workspace\spring\ch06)
2025-03-14T10:43:13.689+09:00  INFO 2372 --- [ch06] [Test worker] k.co.ch06.controller.Sub1ControllerTest  : No active profile set, falling back to 1 default profile: "default"
2025-03-14T10:43:14.897+09:00  INFO 2372 --- [ch06] [Test worker] o.s.b.a.w.s.WelcomePageHandlerMapping    : Adding welcome page template: index
2025-03-14T10:43:15.235+09:00  INFO 2372 --- [ch06] [Test worker] o.s.b.t.m.w.SpringBootMockServletContext : Initializing Spring TestDispatcherServlet ''
2025-03-14T10:43:15.235+09:00  INFO 2372 --- [ch06] [Test worker] o.s.t.web.servlet.TestDispatcherServlet  : Initializing Servlet ''
2025-03-14T10:43:15.236+09:00  INFO 2372 --- [ch06] [Test worker] o.s.t.web.servlet.TestDispatcherServlet  : Completed initialization in 0 ms
2025-03-14T10:43:15.269+09:00  INFO 2372 --- [ch06] [Test worker] k.co.ch06.controller.Sub1ControllerTest  : Started Sub1ControllerTest in 1.928 seconds (process running for 3.113)
2025-03-14T10:46:06.612+09:00  INFO 5712 --- [ch06] [Test worker] k.co.ch06.controller.Sub1ControllerTest  : Starting Sub1ControllerTest using Java 17.0.12 with PID 5712 (started by lotte6 in C:\Users\lotte6\Desktop\lotte6\workspace\spring\ch06)
2025-03-14T10:46:06.614+09:00  INFO 5712 --- [ch06] [Test worker] k.co.ch06.controller.Sub1ControllerTest  : No active profile set, falling back to 1 default profile: "default"
2025-03-14T10:46:07.835+09:00  INFO 5712 --- [ch06] [Test worker] o.s.b.a.w.s.WelcomePageHandlerMapping    : Adding welcome page template: index
2025-03-14T10:46:08.167+09:00  INFO 5712 --- [ch06] [Test worker] o.s.b.t.m.w.SpringBootMockServletContext : Initializing Spring TestDispatcherServlet ''
2025-03-14T10:46:08.168+09:00  INFO 5712 --- [ch06] [Test worker] o.s.t.web.servlet.TestDispatcherServlet  : Initializing Servlet ''
2025-03-14T10:46:08.169+09:00  INFO 5712 --- [ch06] [Test worker] o.s.t.web.servlet.TestDispatcherServlet  : Completed initialization in 1 ms
2025-03-14T10:46:08.200+09:00  INFO 5712 --- [ch06] [Test worker] k.co.ch06.controller.Sub1ControllerTest  : Started Sub1ControllerTest in 1.928 seconds (process running for 3.027)
2025-03-14T10:47:23.911+09:00  INFO 8580 --- [ch06] [Test worker] k.co.ch06.controller.Sub1ControllerTest  : Starting Sub1ControllerTest using Java 17.0.12 with PID 8580 (started by lotte6 in C:\Users\lotte6\Desktop\lotte6\workspace\spring\ch06)
2025-03-14T10:47:23.913+09:00  INFO 8580 --- [ch06] [Test worker] k.co.ch06.controller.Sub1ControllerTest  : No active profile set, falling back to 1 default profile: "default"
2025-03-14T10:47:25.156+09:00  INFO 8580 --- [ch06] [Test worker] o.s.b.a.w.s.WelcomePageHandlerMapping    : Adding welcome page template: index
2025-03-14T10:47:25.496+09:00  INFO 8580 --- [ch06] [Test worker] o.s.b.t.m.w.SpringBootMockServletContext : Initializing Spring TestDispatcherServlet ''
2025-03-14T10:47:25.496+09:00  INFO 8580 --- [ch06] [Test worker] o.s.t.web.servlet.TestDispatcherServlet  : Initializing Servlet ''
2025-03-14T10:47:25.497+09:00  INFO 8580 --- [ch06] [Test worker] o.s.t.web.servlet.TestDispatcherServlet  : Completed initialization in 1 ms
2025-03-14T10:47:25.532+09:00  INFO 8580 --- [ch06] [Test worker] k.co.ch06.controller.Sub1ControllerTest  : Started Sub1ControllerTest in 1.962 seconds (process running for 3.097)
