2025-03-19T09:04:59.499+09:00  INFO 1004 --- [ch07] [Test worker] k.co.ch07.repository.ShopRepositoryTest  : Starting ShopRepositoryTest using Java 17.0.12 with PID 1004 (started by lotte6 in C:\Users\lotte6\Desktop\lotte6\workspace\spring\ch07)
2025-03-19T09:04:59.508+09:00  INFO 1004 --- [ch07] [Test worker] k.co.ch07.repository.ShopRepositoryTest  : No active profile set, falling back to 1 default profile: "default"
2025-03-19T09:05:00.332+09:00  INFO 1004 --- [ch07] [Test worker] .s.d.r.c.RepositoryConfigurationDelegate : Bootstrapping Spring Data JPA repositories in DEFAULT mode.
2025-03-19T09:05:00.441+09:00  INFO 1004 --- [ch07] [Test worker] .s.d.r.c.RepositoryConfigurationDelegate : Finished Spring Data repository scanning in 93 ms. Found 9 JPA repository interfaces.
2025-03-19T09:05:01.061+09:00  INFO 1004 --- [ch07] [Test worker] o.hibernate.jpa.internal.util.LogHelper  : HHH000204: Processing PersistenceUnitInfo [name: default]
2025-03-19T09:05:01.134+09:00  INFO 1004 --- [ch07] [Test worker] org.hibernate.Version                    : HHH000412: Hibernate ORM core version 6.6.8.Final
2025-03-19T09:05:01.180+09:00  INFO 1004 --- [ch07] [Test worker] o.h.c.internal.RegionFactoryInitiator    : HHH000026: Second-level cache disabled
2025-03-19T09:05:01.577+09:00  INFO 1004 --- [ch07] [Test worker] o.s.o.j.p.SpringPersistenceUnitInfo      : No LoadTimeWeaver setup: ignoring JPA class transformer
2025-03-19T09:05:01.612+09:00  INFO 1004 --- [ch07] [Test worker] com.zaxxer.hikari.HikariDataSource       : HikariPool-1 - Starting...
2025-03-19T09:05:02.003+09:00  INFO 1004 --- [ch07] [Test worker] com.zaxxer.hikari.pool.HikariPool        : HikariPool-1 - Added connection com.mysql.cj.jdbc.ConnectionImpl@2b62475a
2025-03-19T09:05:02.005+09:00  INFO 1004 --- [ch07] [Test worker] com.zaxxer.hikari.HikariDataSource       : HikariPool-1 - Start completed.
2025-03-19T09:05:02.059+09:00  WARN 1004 --- [ch07] [Test worker] org.hibernate.orm.deprecation            : HHH90000025: MySQLDialect does not need to be specified explicitly using 'hibernate.dialect' (remove the property setting and it will be selected by default)
2025-03-19T09:05:02.081+09:00  INFO 1004 --- [ch07] [Test worker] org.hibernate.orm.connections.pooling    : HHH10001005: Database info:
	Database JDBC URL [Connecting through datasource 'HikariDataSource (HikariPool-1)']
	Database driver: undefined/unknown
	Database version: 8.4.3
	Autocommit mode: undefined/unknown
	Isolation level: undefined/unknown
	Minimum pool size: undefined/unknown
	Maximum pool size: undefined/unknown
2025-03-19T09:05:02.090+09:00 DEBUG 1004 --- [ch07] [Test worker] o.h.t.d.sql.spi.DdlTypeRegistry          : addDescriptor(12, org.hibernate.type.descriptor.sql.internal.CapacityDependentDdlType@558127d2) replaced previous registration(org.hibernate.type.descriptor.sql.internal.CapacityDependentDdlType@12270a01)
2025-03-19T09:05:02.091+09:00 DEBUG 1004 --- [ch07] [Test worker] o.h.t.d.sql.spi.DdlTypeRegistry          : addDescriptor(-9, org.hibernate.type.descriptor.sql.internal.CapacityDependentDdlType@4552f905) replaced previous registration(org.hibernate.type.descriptor.sql.internal.CapacityDependentDdlType@646d58cd)
2025-03-19T09:05:02.091+09:00 DEBUG 1004 --- [ch07] [Test worker] o.h.t.d.sql.spi.DdlTypeRegistry          : addDescriptor(-3, org.hibernate.type.descriptor.sql.internal.CapacityDependentDdlType@388e4c25) replaced previous registration(org.hibernate.type.descriptor.sql.internal.CapacityDependentDdlType@12532e37)
2025-03-19T09:05:02.092+09:00 DEBUG 1004 --- [ch07] [Test worker] o.h.t.d.sql.spi.DdlTypeRegistry          : addDescriptor(4003, org.hibernate.type.descriptor.sql.internal.DdlTypeImpl@401b67a9) replaced previous registration(org.hibernate.type.descriptor.sql.internal.DdlTypeImpl@4e3ee457)
2025-03-19T09:05:02.092+09:00 DEBUG 1004 --- [ch07] [Test worker] o.h.t.d.sql.spi.DdlTypeRegistry          : addDescriptor(4001, org.hibernate.type.descriptor.sql.internal.DdlTypeImpl@41b66d1) replaced previous registration(org.hibernate.type.descriptor.sql.internal.DdlTypeImpl@fb2c2f3)
2025-03-19T09:05:02.092+09:00 DEBUG 1004 --- [ch07] [Test worker] o.h.t.d.sql.spi.DdlTypeRegistry          : addDescriptor(4002, org.hibernate.type.descriptor.sql.internal.DdlTypeImpl@148fca83) replaced previous registration(org.hibernate.type.descriptor.sql.internal.DdlTypeImpl@2d2a8819)
2025-03-19T09:05:02.093+09:00 DEBUG 1004 --- [ch07] [Test worker] o.h.t.d.sql.spi.DdlTypeRegistry          : addDescriptor(2004, org.hibernate.type.descriptor.sql.internal.CapacityDependentDdlType@72585e83) replaced previous registration(org.hibernate.type.descriptor.sql.internal.DdlTypeImpl@6b64bf61)
2025-03-19T09:05:02.093+09:00 DEBUG 1004 --- [ch07] [Test worker] o.h.t.d.sql.spi.DdlTypeRegistry          : addDescriptor(2005, org.hibernate.type.descriptor.sql.internal.CapacityDependentDdlType@1d5bb5c) replaced previous registration(org.hibernate.type.descriptor.sql.internal.DdlTypeImpl@7846913f)
2025-03-19T09:05:02.094+09:00 DEBUG 1004 --- [ch07] [Test worker] o.h.t.d.sql.spi.DdlTypeRegistry          : addDescriptor(2011, org.hibernate.type.descriptor.sql.internal.CapacityDependentDdlType@48da64f2) replaced previous registration(org.hibernate.type.descriptor.sql.internal.DdlTypeImpl@60b553f)
2025-03-19T09:05:03.198+09:00  INFO 1004 --- [ch07] [Test worker] o.h.e.t.j.p.i.JtaPlatformInitiator       : HHH000489: No JTA platform available (set 'hibernate.transaction.jta.platform' to enable JTA platform integration)
2025-03-19T09:05:03.305+09:00  INFO 1004 --- [ch07] [Test worker] j.LocalContainerEntityManagerFactoryBean : Initialized JPA EntityManagerFactory for persistence unit 'default'
2025-03-19T09:05:03.644+09:00  INFO 1004 --- [ch07] [Test worker] o.s.d.j.r.query.QueryEnhancerFactory     : Hibernate is in classpath; If applicable, HQL parser will be used.
2025-03-19T09:05:04.512+09:00  WARN 1004 --- [ch07] [Test worker] JpaBaseConfiguration$JpaWebConfiguration : spring.jpa.open-in-view is enabled by default. Therefore, database queries may be performed during view rendering. Explicitly configure spring.jpa.open-in-view to disable this warning
2025-03-19T09:05:04.542+09:00  INFO 1004 --- [ch07] [Test worker] o.s.b.a.w.s.WelcomePageHandlerMapping    : Adding welcome page template: index
2025-03-19T09:05:05.041+09:00  INFO 1004 --- [ch07] [Test worker] k.co.ch07.repository.ShopRepositoryTest  : Started ShopRepositoryTest in 5.894 seconds (process running for 7.316)
2025-03-19T09:05:05.697+09:00  INFO 1004 --- [ch07] [SpringApplicationShutdownHook] j.LocalContainerEntityManagerFactoryBean : Closing JPA EntityManagerFactory for persistence unit 'default'
2025-03-19T09:05:05.701+09:00  INFO 1004 --- [ch07] [SpringApplicationShutdownHook] com.zaxxer.hikari.HikariDataSource       : HikariPool-1 - Shutdown initiated...
2025-03-19T09:05:05.712+09:00  INFO 1004 --- [ch07] [SpringApplicationShutdownHook] com.zaxxer.hikari.HikariDataSource       : HikariPool-1 - Shutdown completed.
